0 info it worked if it ends with ok
1 verbose cli [ 'C:\\Program Files (x86)\\nodejs\\node.exe',
1 verbose cli   'C:\\Program Files (x86)\\nodejs\\node_modules\\npm\\bin\\npm-cli.js',
1 verbose cli   'run',
1 verbose cli   'docs:dev' ]
2 info using npm@4.1.2
3 info using node@v7.7.2
4 verbose run-script [ 'predocs:dev', 'docs:dev', 'postdocs:dev' ]
5 info lifecycle note@1.0.0~predocs:dev: note@1.0.0
6 silly lifecycle note@1.0.0~predocs:dev: no script for predocs:dev, continuing
7 info lifecycle note@1.0.0~docs:dev: note@1.0.0
8 verbose lifecycle note@1.0.0~docs:dev: unsafe-perm in lifecycle true
9 verbose lifecycle note@1.0.0~docs:dev: PATH: C:\Program Files (x86)\nodejs\node_modules\npm\bin\node-gyp-bin;C:\Users\SCZ\joysang\Front-end-learning-notes\node_modules\.bin;C:\WINDOWS\system32;C:\WINDOWS;C:\WINDOWS\System32\Wbem;C:\WINDOWS\System32\WindowsPowerShell\v1.0\;C:\WINDOWS\system32\config\systemprofile\.dnx\bin;C:\Program Files\Microsoft DNX\Dnvm\;C:\Program Files (x86)\Windows Kits\8.1\Windows Performance Toolkit\;C:\Program Files\Microsoft SQL Server\120\Tools\Binn\;C:\Program Files\Microsoft SQL Server\130\Tools\Binn\;C:\Program Files\TortoiseSVN\bin;C:\Program Files (x86)\nodejs\;C:\Program Files\Git\cmd;C:\Program Files\TortoiseGit\bin;C:\Users\SCZ\AppData\Local\Programs\Python\Python36\Scripts\;C:\Users\SCZ\AppData\Local\Programs\Python\Python36\;C:\Users\SCZ\AppData\Roaming\npm;C:\Users\SCZ\AppData\Local\Microsoft\WindowsApps;;C:\Users\SCZ\AppData\Local\Programs\Fiddler;%USERPROFILE%\AppData\Local\Microsoft\WindowsApps
10 verbose lifecycle note@1.0.0~docs:dev: CWD: C:\Users\SCZ\joysang\Front-end-learning-notes
11 silly lifecycle note@1.0.0~docs:dev: Args: [ '/d /s /c', 'vuepress dev docs' ]
12 silly lifecycle note@1.0.0~docs:dev: Returned: code: 1  signal: null
13 info lifecycle note@1.0.0~docs:dev: Failed to exec docs:dev script
14 verbose stack Error: note@1.0.0 docs:dev: `vuepress dev docs`
14 verbose stack Exit status 1
14 verbose stack     at EventEmitter.<anonymous> (C:\Program Files (x86)\nodejs\node_modules\npm\lib\utils\lifecycle.js:279:16)
14 verbose stack     at emitTwo (events.js:106:13)
14 verbose stack     at EventEmitter.emit (events.js:194:7)
14 verbose stack     at ChildProcess.<anonymous> (C:\Program Files (x86)\nodejs\node_modules\npm\lib\utils\spawn.js:40:14)
14 verbose stack     at emitTwo (events.js:106:13)
14 verbose stack     at ChildProcess.emit (events.js:194:7)
14 verbose stack     at maybeClose (internal/child_process.js:899:16)
14 verbose stack     at Process.ChildProcess._handle.onexit (internal/child_process.js:226:5)
15 verbose pkgid note@1.0.0
16 verbose cwd C:\Users\SCZ\joysang\Front-end-learning-notes
17 error Windows_NT 10.0.16299
18 error argv "C:\\Program Files (x86)\\nodejs\\node.exe" "C:\\Program Files (x86)\\nodejs\\node_modules\\npm\\bin\\npm-cli.js" "run" "docs:dev"
19 error node v7.7.2
20 error npm  v4.1.2
21 error code ELIFECYCLE
22 error note@1.0.0 docs:dev: `vuepress dev docs`
22 error Exit status 1
23 error Failed at the note@1.0.0 docs:dev script 'vuepress dev docs'.
23 error Make sure you have the latest version of node.js and npm installed.
23 error If you do, this is most likely a problem with the note package,
23 error not with npm itself.
23 error Tell the author that this fails on your system:
23 error     vuepress dev docs
23 error You can get information on how to open an issue for this project with:
23 error     npm bugs note
23 error Or if that isn't available, you can get their info via:
23 error     npm owner ls note
23 error There is likely additional logging output above.
24 verbose exit [ 1, true ]
